2021-01-15 21:10:24,020 INFO: Microblog startup [in /home/makiol/microblog/app/__init__.py:43]
2021-01-15 21:10:38,607 INFO: Microblog startup [in /home/makiol/microblog/app/__init__.py:43]
2021-01-15 21:10:56,381 INFO: Microblog startup [in /home/makiol/microblog/app/__init__.py:43]
2021-01-15 21:11:42,034 INFO: Microblog startup [in /home/makiol/microblog/app/__init__.py:43]
2021-01-15 21:12:27,675 INFO: Microblog startup [in /home/makiol/microblog/app/__init__.py:43]
2021-01-15 21:12:41,042 INFO: Microblog startup [in /home/makiol/microblog/app/__init__.py:43]
2021-01-15 22:40:18,381 INFO: Microblog startup [in /home/makiol/microblog/app/__init__.py:43]
2021-01-15 22:40:56,122 INFO: Microblog startup [in /home/makiol/microblog/app/__init__.py:43]
2021-01-15 22:41:08,372 INFO: Microblog startup [in /home/makiol/microblog/app/__init__.py:43]
2021-01-15 22:42:27,366 INFO: Microblog startup [in /home/makiol/microblog/app/__init__.py:43]
2021-01-15 22:43:05,946 INFO: Microblog startup [in /home/makiol/microblog/app/__init__.py:43]
2021-01-15 23:11:59,429 INFO: Microblog startup [in /home/makiol/microblog/app/__init__.py:43]
2021-01-15 23:12:06,425 INFO: Microblog startup [in /home/makiol/microblog/app/__init__.py:43]
2021-01-15 23:12:47,768 INFO: Microblog startup [in /home/makiol/microblog/app/__init__.py:43]
2021-01-15 23:12:59,972 INFO: Microblog startup [in /home/makiol/microblog/app/__init__.py:43]
2021-01-15 23:15:20,717 INFO: Microblog startup [in /home/makiol/microblog/app/__init__.py:43]
2021-01-15 23:15:57,923 INFO: Microblog startup [in /home/makiol/microblog/app/__init__.py:43]
2021-01-15 23:17:01,273 INFO: Microblog startup [in /home/makiol/microblog/app/__init__.py:43]
2021-01-15 23:17:24,228 INFO: Microblog startup [in /home/makiol/microblog/app/__init__.py:43]
2021-01-15 23:17:27,485 INFO: Microblog startup [in /home/makiol/microblog/app/__init__.py:43]
2021-01-15 23:17:31,583 INFO: Microblog startup [in /home/makiol/microblog/app/__init__.py:43]
2021-01-15 23:17:38,881 INFO: Microblog startup [in /home/makiol/microblog/app/__init__.py:43]
2021-01-29 18:16:37,286 INFO: Microblog startup [in /home/makiol/microblog/app/__init__.py:57]
2021-01-29 18:16:54,368 INFO: Microblog startup [in /home/makiol/microblog/app/__init__.py:57]
2021-02-12 10:56:24,231 INFO: Microblog startup [in /home/makiol/microblog/app/__init__.py:74]
2021-02-12 10:56:24,259 INFO: Microblog startup [in /home/makiol/microblog/app/__init__.py:92]
2021-02-12 10:56:48,425 INFO: Microblog startup [in /home/makiol/microblog/app/__init__.py:74]
2021-02-12 10:56:48,426 INFO: Microblog startup [in /home/makiol/microblog/app/__init__.py:92]
2021-02-12 10:56:52,658 INFO: Microblog startup [in /home/makiol/microblog/app/__init__.py:74]
2021-02-12 10:56:52,658 INFO: Microblog startup [in /home/makiol/microblog/app/__init__.py:92]
2021-02-12 10:56:56,045 INFO: Microblog startup [in /home/makiol/microblog/app/__init__.py:74]
2021-02-12 10:56:56,045 INFO: Microblog startup [in /home/makiol/microblog/app/__init__.py:92]
2021-02-12 12:57:21,754 INFO: Microblog startup [in /home/makiol/microblog/app/__init__.py:74]
2021-02-12 12:57:21,783 INFO: Microblog startup [in /home/makiol/microblog/app/__init__.py:92]
2021-02-12 12:57:33,133 INFO: Microblog startup [in /home/makiol/microblog/app/__init__.py:74]
2021-02-12 12:57:33,134 INFO: Microblog startup [in /home/makiol/microblog/app/__init__.py:92]
2021-02-12 14:48:12,565 INFO: Microblog startup [in /home/makiol/microblog/app/__init__.py:74]
2021-02-12 14:48:12,573 INFO: Microblog startup [in /home/makiol/microblog/app/__init__.py:92]
2021-02-12 14:48:15,772 INFO: Microblog startup [in /home/makiol/microblog/app/__init__.py:74]
2021-02-12 14:48:15,772 INFO: Microblog startup [in /home/makiol/microblog/app/__init__.py:92]
2021-02-12 14:48:23,377 INFO: Microblog startup [in /home/makiol/microblog/app/__init__.py:74]
2021-02-12 14:48:23,377 INFO: Microblog startup [in /home/makiol/microblog/app/__init__.py:92]
2021-02-17 19:00:20,561 INFO: Microblog startup [in /home/makiol/microblog/app/__init__.py:74]
2021-02-17 19:00:20,575 INFO: Microblog startup [in /home/makiol/microblog/app/__init__.py:92]
2021-02-17 19:00:44,536 INFO: Microblog startup [in /home/makiol/microblog/app/__init__.py:74]
2021-02-17 19:00:44,536 INFO: Microblog startup [in /home/makiol/microblog/app/__init__.py:92]
2021-02-17 21:26:22,893 INFO: Microblog startup [in ./app/__init__.py:79]
2021-02-17 21:26:22,906 INFO: Microblog startup [in ./app/__init__.py:97]
2021-02-17 21:26:22,907 ERROR: Unhandled exception [in ./app/tasks.py:41]
Traceback (most recent call last):
  File "./app/tasks.py", line 29, in export_posts
    user = USer.query.get(user_id)
NameError: name 'USer' is not defined
2021-02-17 21:26:47,678 INFO: Microblog startup [in ./app/__init__.py:79]
2021-02-17 21:26:47,678 INFO: Microblog startup [in ./app/__init__.py:97]
2021-02-17 21:26:47,678 ERROR: Unhandled exception [in ./app/tasks.py:41]
Traceback (most recent call last):
  File "./app/tasks.py", line 29, in export_posts
    user = User.query.get(user_id)
NameError: name 'User' is not defined
2021-02-17 21:27:19,624 INFO: Microblog startup [in ./app/__init__.py:79]
2021-02-17 21:27:19,624 INFO: Microblog startup [in ./app/__init__.py:97]
2021-02-17 21:27:19,827 ERROR: Unhandled exception [in ./app/tasks.py:41]
Traceback (most recent call last):
  File "./app/tasks.py", line 34, in export_posts
    for post in users.posts.order_by(Post.timestamp.asc()):
NameError: name 'users' is not defined
2021-02-17 21:29:46,470 INFO: Microblog startup [in ./app/__init__.py:79]
2021-02-17 21:29:46,470 INFO: Microblog startup [in ./app/__init__.py:97]
2021-02-17 21:29:46,686 ERROR: Unhandled exception [in ./app/tasks.py:41]
Traceback (most recent call last):
  File "./app/tasks.py", line 34, in export_posts
    for post in user.posts.order_by(Post.timestamp.asc()):
NameError: name 'Post' is not defined
2021-02-17 21:30:09,039 INFO: Microblog startup [in ./app/__init__.py:79]
2021-02-17 21:30:09,039 INFO: Microblog startup [in ./app/__init__.py:97]
2021-02-17 21:30:36,826 INFO: Microblog startup [in ./app/__init__.py:79]
2021-02-17 21:30:36,827 INFO: Microblog startup [in ./app/__init__.py:97]
2021-02-17 21:33:35,508 INFO: Microblog startup [in ./app/__init__.py:79]
2021-02-17 21:33:35,509 INFO: Microblog startup [in ./app/__init__.py:97]
2021-02-17 21:33:54,375 INFO: Microblog startup [in ./app/__init__.py:79]
2021-02-17 21:33:54,375 INFO: Microblog startup [in ./app/__init__.py:97]
2021-02-17 21:34:30,998 INFO: Microblog startup [in ./app/__init__.py:79]
2021-02-17 21:34:30,998 INFO: Microblog startup [in ./app/__init__.py:97]
2021-02-17 21:35:21,447 INFO: Microblog startup [in ./app/__init__.py:79]
2021-02-17 21:35:21,447 INFO: Microblog startup [in ./app/__init__.py:97]
2021-02-17 21:43:01,747 INFO: Microblog startup [in ./app/__init__.py:79]
2021-02-17 21:43:01,747 INFO: Microblog startup [in ./app/__init__.py:97]
2021-02-17 21:44:40,726 INFO: Microblog startup [in ./app/__init__.py:79]
2021-02-17 21:44:40,726 INFO: Microblog startup [in ./app/__init__.py:97]
2021-02-17 21:46:31,876 INFO: Microblog startup [in ./app/__init__.py:79]
2021-02-17 21:46:31,877 INFO: Microblog startup [in ./app/__init__.py:97]
2021-02-17 21:52:31,164 INFO: Microblog startup [in ./app/__init__.py:79]
2021-02-17 21:52:31,165 INFO: Microblog startup [in ./app/__init__.py:97]
2021-02-17 21:55:34,657 INFO: Microblog startup [in ./app/__init__.py:79]
2021-02-17 21:55:34,658 INFO: Microblog startup [in ./app/__init__.py:97]
2021-02-17 21:56:37,196 INFO: Microblog startup [in ./app/__init__.py:79]
2021-02-17 21:56:37,196 INFO: Microblog startup [in ./app/__init__.py:97]
2021-02-17 21:57:22,426 INFO: Microblog startup [in ./app/__init__.py:79]
2021-02-17 21:57:22,426 INFO: Microblog startup [in ./app/__init__.py:97]
2021-02-17 21:59:43,080 INFO: Microblog startup [in ./app/__init__.py:79]
2021-02-17 21:59:43,080 INFO: Microblog startup [in ./app/__init__.py:97]
2021-02-17 21:59:43,140 ERROR: Unhandled exception [in ./app/tasks.py:42]
Traceback (most recent call last):
  File "./app/tasks.py", line 31, in export_posts
    _set_task_progress(0)
  File "./app/tasks.py", line 15, in _set_task_progress
    print(task.id, progress)
UnboundLocalError: local variable 'task' referenced before assignment
2021-02-17 22:07:57,344 INFO: Microblog startup [in ./app/__init__.py:79]
2021-02-17 22:07:57,344 INFO: Microblog startup [in ./app/__init__.py:97]
2021-02-17 22:22:11,499 INFO: Microblog startup [in ./app/__init__.py:79]
2021-02-17 22:22:11,500 INFO: Microblog startup [in ./app/__init__.py:97]
2021-02-17 22:23:39,299 INFO: Microblog startup [in ./app/__init__.py:79]
2021-02-17 22:23:39,299 INFO: Microblog startup [in ./app/__init__.py:97]
2021-02-17 22:25:02,603 INFO: Microblog startup [in ./app/__init__.py:79]
2021-02-17 22:25:02,603 INFO: Microblog startup [in ./app/__init__.py:97]
2021-02-17 22:28:19,824 INFO: Microblog startup [in ./app/__init__.py:79]
2021-02-17 22:28:19,824 INFO: Microblog startup [in ./app/__init__.py:97]
2021-02-17 22:30:28,789 INFO: Microblog startup [in ./app/__init__.py:79]
2021-02-17 22:30:28,789 INFO: Microblog startup [in ./app/__init__.py:97]
2021-02-17 22:40:42,348 INFO: Microblog startup [in ./app/__init__.py:79]
2021-02-17 22:40:42,348 INFO: Microblog startup [in ./app/__init__.py:97]
2021-02-17 22:45:05,040 INFO: Microblog startup [in ./app/__init__.py:79]
2021-02-17 22:45:05,040 INFO: Microblog startup [in ./app/__init__.py:97]
2021-02-18 19:36:21,553 INFO: Microblog startup [in /home/makiol/microblog/app/__init__.py:82]
2021-02-18 19:36:21,568 INFO: Microblog startup [in /home/makiol/microblog/app/__init__.py:100]
2021-02-18 19:36:25,899 INFO: Microblog startup [in /home/makiol/microblog/app/__init__.py:82]
2021-02-18 19:36:25,899 INFO: Microblog startup [in /home/makiol/microblog/app/__init__.py:100]
